<?xml version="1.0" encoding="UTF-8"?>
<!-- Generated by org.testng.reporters.JUnitReportReporter -->
<testsuite hostname="LAPTOP-5UR5QVJG" failures="0" tests="1" name="com.gj.demoblazegj.tests.MainPageTest" time="0.366" errors="0" timestamp="2022-08-12T12:57:04 MDT" skipped="0">
  <testcase classname="com.gj.demoblazegj.tests.MainPageTest" name="validateTitle" time="0.366"/>
  <system-out/>
</testsuite> <!-- com.gj.demoblazegj.tests.MainPageTest -->
