<?xml version="1.0" encoding="UTF-8"?>
<!-- Generated by org.testng.reporters.JUnitReportReporter -->
<testsuite hostname="LAPTOP-5UR5QVJG" failures="0" tests="2" name="com.gj.demoblazegj.tests.InvalidLoginTest" time="3.243" errors="0" timestamp="2022-08-12T12:57:04 MDT" skipped="0">
  <testcase classname="com.gj.demoblazegj.tests.InvalidLoginTest" name="invalidUserLogin" time="2.786"/>
  <system-out/>
  <testcase classname="com.gj.demoblazegj.tests.InvalidLoginTest" name="logoutOptionShouldNotDisplay" time="0.457"/>
  <system-out/>
</testsuite> <!-- com.gj.demoblazegj.tests.InvalidLoginTest -->
