<?xml version="1.0" encoding="UTF-8"?>
<!-- Generated by org.testng.reporters.JUnitReportReporter -->
<testsuite hostname="LAPTOP-5UR5QVJG" failures="0" tests="4" name="com.gj.demoblazegj.tests.SignUpTest" time="8.481" errors="0" timestamp="2022-08-12T12:57:04 MDT" skipped="0">
  <testcase classname="com.gj.demoblazegj.tests.SignUpTest" name="closeButtonCancelsSignUp" time="2.220"/>
  <system-out/>
  <testcase classname="com.gj.demoblazegj.tests.SignUpTest" name="signupExistingUser" time="2.668"/>
  <system-out/>
  <testcase classname="com.gj.demoblazegj.tests.SignUpTest" name="signupNewUser" time="2.188"/>
  <system-out/>
  <testcase classname="com.gj.demoblazegj.tests.SignUpTest" name="passwordRequired" time="1.405"/>
  <system-out/>
</testsuite> <!-- com.gj.demoblazegj.tests.SignUpTest -->
