<?xml version="1.0" encoding="UTF-8"?>
<!-- Generated by org.testng.reporters.JUnitReportReporter -->
<testsuite hostname="LAPTOP-5UR5QVJG" failures="0" tests="4" name="com.gj.demoblazegj.tests.ValidLoginTest" time="10.982" errors="0" timestamp="2022-08-12T12:57:04 MDT" skipped="0">
  <testcase classname="com.gj.demoblazegj.tests.ValidLoginTest" name="validUserLogin" time="2.946"/>
  <system-out/>
  <testcase classname="com.gj.demoblazegj.tests.ValidLoginTest" name="loginOptionShouldNotDisplay" time="0.128"/>
  <system-out/>
  <testcase classname="com.gj.demoblazegj.tests.ValidLoginTest" name="logoutOptionShouldDisplay" time="0.121"/>
  <system-out/>
  <testcase classname="com.gj.demoblazegj.tests.ValidLoginTest" name="logout" time="7.787"/>
  <system-out/>
</testsuite> <!-- com.gj.demoblazegj.tests.ValidLoginTest -->
